<?xml version="1.0" encoding="UTF-8"?>
<testsuite name="Model.DeviceTest" tests="5" skipped="0" failures="0" errors="0" timestamp="2020-08-13T07:57:51" hostname="DESKTOP-BP6PD4V" time="0.011">
  <properties/>
  <testcase name="testDevicePolymorphism" classname="Model.DeviceTest" time="0.009"/>
  <testcase name="testGateAND" classname="Model.DeviceTest" time="0.0"/>
  <testcase name="testGateNOT" classname="Model.DeviceTest" time="0.0"/>
  <testcase name="testIPinAndOPin" classname="Model.DeviceTest" time="0.0"/>
  <testcase name="testGateOR" classname="Model.DeviceTest" time="0.0"/>
  <system-out><![CDATA[]]></system-out>
  <system-err><![CDATA[]]></system-err>
</testsuite>
